app/build/intermediates/manifest_merge_blame_file/debug/manifest-merger-blame-debug-report.txt
1<?xml version="1.0" encoding="utf-8"?>
2<manifest xmlns:android="http://schemas.android.com/apk/res/android"
3    package="com.pesonal.adsdk"
4    android:versionCode="1"
5    android:versionName="1.0" >
6
7    <uses-sdk
8        android:minSdkVersion="21"
8-->src\main\AndroidManifest.xml
9        android:targetSdkVersion="32" />
9-->src\main\AndroidManifest.xml
10
11    <uses-permission android:name="android.permission.INTERNET" />
11-->src\main\AndroidManifest.xml:6:5-67
11-->src\main\AndroidManifest.xml:6:22-64
12    <uses-permission android:name="android.permission.ACCESS_NETWORK_STATE" />
12-->src\main\AndroidManifest.xml:7:5-79
12-->src\main\AndroidManifest.xml:7:22-76
13    <uses-permission android:name="android.permission.ACCESS_WIFI_STATE" />
13-->src\main\AndroidManifest.xml:8:5-76
13-->src\main\AndroidManifest.xml:8:22-73
14    <uses-permission android:name="com.google.android.gms.permission.AD_ID" />
14-->src\main\AndroidManifest.xml:9:5-79
14-->src\main\AndroidManifest.xml:9:22-76
15
16    <queries>
16-->[com.facebook.android:audience-network-sdk:6.11.0] AndroidManifest.xml:11:5-13:15
17        <package android:name="com.facebook.katana" />
17-->[com.facebook.android:audience-network-sdk:6.11.0] AndroidManifest.xml:12:9-55
17-->[com.facebook.android:audience-network-sdk:6.11.0] AndroidManifest.xml:12:18-52
18        <!-- For browser content -->
19        <intent>
19-->[com.google.android.gms:play-services-ads-lite:21.0.0] AndroidManifest.xml:31:9-37:18
20            <action android:name="android.intent.action.VIEW" />
20-->[com.google.android.gms:play-services-ads-lite:21.0.0] AndroidManifest.xml:32:13-65
20-->[com.google.android.gms:play-services-ads-lite:21.0.0] AndroidManifest.xml:32:21-62
21
22            <category android:name="android.intent.category.BROWSABLE" />
22-->[com.google.android.gms:play-services-ads-lite:21.0.0] AndroidManifest.xml:34:13-74
22-->[com.google.android.gms:play-services-ads-lite:21.0.0] AndroidManifest.xml:34:23-71
23
24            <data android:scheme="https" />
24-->[com.google.android.gms:play-services-ads-lite:21.0.0] AndroidManifest.xml:36:13-44
24-->[com.google.android.gms:play-services-ads-lite:21.0.0] AndroidManifest.xml:36:19-41
25        </intent> <!-- End of browser content -->
26        <!-- For CustomTabsService -->
27        <intent>
27-->[com.google.android.gms:play-services-ads-lite:21.0.0] AndroidManifest.xml:40:9-42:18
28            <action android:name="android.support.customtabs.action.CustomTabsService" />
28-->[com.google.android.gms:play-services-ads-lite:21.0.0] AndroidManifest.xml:41:13-90
28-->[com.google.android.gms:play-services-ads-lite:21.0.0] AndroidManifest.xml:41:21-87
29        </intent>
30    </queries>
31
32    <uses-permission android:name="android.permission.WAKE_LOCK" />
32-->[com.google.android.gms:play-services-measurement-sdk-api:20.1.2] AndroidManifest.xml:25:5-68
32-->[com.google.android.gms:play-services-measurement-sdk-api:20.1.2] AndroidManifest.xml:25:22-65
33    <uses-permission android:name="android.permission.RECEIVE_BOOT_COMPLETED" />
33-->[androidx.work:work-runtime:2.7.0] AndroidManifest.xml:27:5-81
33-->[androidx.work:work-runtime:2.7.0] AndroidManifest.xml:27:22-78
34    <uses-permission android:name="android.permission.FOREGROUND_SERVICE" />
34-->[androidx.work:work-runtime:2.7.0] AndroidManifest.xml:28:5-77
34-->[androidx.work:work-runtime:2.7.0] AndroidManifest.xml:28:22-74
35
36    <application
36-->src\main\AndroidManifest.xml:11:5-21:19
37        android:appComponentFactory="androidx.core.app.CoreComponentFactory"
37-->[androidx.core:core:1.7.0] AndroidManifest.xml:24:18-86
38        android:debuggable="true" >
39        <activity android:name="com.pesonal.adsdk.ADS_SplashActivity" />
39-->src\main\AndroidManifest.xml:13:9-56
39-->src\main\AndroidManifest.xml:13:19-53
40
41        <meta-data
41-->src\main\AndroidManifest.xml:14:9-16:70
42            android:name="com.google.android.gms.ads.APPLICATION_ID"
42-->src\main\AndroidManifest.xml:15:13-69
43            android:value="ca-app-pub-3940256099942544~3347511713" />
43-->src\main\AndroidManifest.xml:16:13-67
44
45        <activity
45-->src\main\AndroidManifest.xml:18:9-20:50
46            android:name="com.facebook.ads.AudienceNetworkActivity"
46-->src\main\AndroidManifest.xml:19:13-68
47            android:configChanges="keyboardHidden|orientation|screenSize"
47-->[com.facebook.android:audience-network-sdk:6.11.0] AndroidManifest.xml:21:13-74
48            android:exported="false"
48-->[com.facebook.android:audience-network-sdk:6.11.0] AndroidManifest.xml:22:13-37
49            android:hardwareAccelerated="true"
49-->src\main\AndroidManifest.xml:20:13-47
50            android:theme="@android:style/Theme.Translucent.NoTitleBar" />
50-->[com.facebook.android:audience-network-sdk:6.11.0] AndroidManifest.xml:23:13-72
51
52        <provider
52-->[com.squareup.picasso:picasso:2.71828] AndroidManifest.xml:8:9-11:40
53            android:name="com.squareup.picasso.PicassoProvider"
53-->[com.squareup.picasso:picasso:2.71828] AndroidManifest.xml:9:13-64
54            android:authorities="com.pesonal.adsdk.com.squareup.picasso"
54-->[com.squareup.picasso:picasso:2.71828] AndroidManifest.xml:10:13-72
55            android:exported="false" />
55-->[com.squareup.picasso:picasso:2.71828] AndroidManifest.xml:11:13-37
56        <provider
56-->[com.facebook.android:audience-network-sdk:6.11.0] AndroidManifest.xml:25:9-28:40
57            android:name="com.facebook.ads.AudienceNetworkContentProvider"
57-->[com.facebook.android:audience-network-sdk:6.11.0] AndroidManifest.xml:26:13-75
58            android:authorities="com.pesonal.adsdk.AudienceNetworkContentProvider"
58-->[com.facebook.android:audience-network-sdk:6.11.0] AndroidManifest.xml:27:13-82
59            android:exported="false" /> <!-- Include the AdActivity and InAppPurchaseActivity configChanges and themes. -->
59-->[com.facebook.android:audience-network-sdk:6.11.0] AndroidManifest.xml:28:13-37
60        <activity
60-->[com.google.android.gms:play-services-ads-lite:21.0.0] AndroidManifest.xml:49:9-53:64
61            android:name="com.google.android.gms.ads.AdActivity"
61-->[com.google.android.gms:play-services-ads-lite:21.0.0] AndroidManifest.xml:50:13-65
62            android:configChanges="keyboard|keyboardHidden|orientation|screenLayout|uiMode|screenSize|smallestScreenSize"
62-->[com.google.android.gms:play-services-ads-lite:21.0.0] AndroidManifest.xml:51:13-122
63            android:exported="false"
63-->[com.google.android.gms:play-services-ads-lite:21.0.0] AndroidManifest.xml:52:13-37
64            android:theme="@android:style/Theme.Translucent" />
64-->[com.google.android.gms:play-services-ads-lite:21.0.0] AndroidManifest.xml:53:13-61
65
66        <provider
66-->[com.google.android.gms:play-services-ads-lite:21.0.0] AndroidManifest.xml:55:9-59:39
67            android:name="com.google.android.gms.ads.MobileAdsInitProvider"
67-->[com.google.android.gms:play-services-ads-lite:21.0.0] AndroidManifest.xml:56:13-76
68            android:authorities="com.pesonal.adsdk.mobileadsinitprovider"
68-->[com.google.android.gms:play-services-ads-lite:21.0.0] AndroidManifest.xml:57:13-73
69            android:exported="false"
69-->[com.google.android.gms:play-services-ads-lite:21.0.0] AndroidManifest.xml:58:13-37
70            android:initOrder="100" />
70-->[com.google.android.gms:play-services-ads-lite:21.0.0] AndroidManifest.xml:59:13-36
71
72        <service
72-->[com.google.android.gms:play-services-ads-lite:21.0.0] AndroidManifest.xml:61:9-64:40
73            android:name="com.google.android.gms.ads.AdService"
73-->[com.google.android.gms:play-services-ads-lite:21.0.0] AndroidManifest.xml:62:13-64
74            android:enabled="true"
74-->[com.google.android.gms:play-services-ads-lite:21.0.0] AndroidManifest.xml:63:13-35
75            android:exported="false" />
75-->[com.google.android.gms:play-services-ads-lite:21.0.0] AndroidManifest.xml:64:13-37
76
77        <activity
77-->[com.google.android.gms:play-services-base:18.0.0] AndroidManifest.xml:20:9-22:45
78            android:name="com.google.android.gms.common.api.GoogleApiActivity"
78-->[com.google.android.gms:play-services-base:18.0.0] AndroidManifest.xml:20:19-85
79            android:exported="false"
79-->[com.google.android.gms:play-services-base:18.0.0] AndroidManifest.xml:22:19-43
80            android:theme="@android:style/Theme.Translucent.NoTitleBar" />
80-->[com.google.android.gms:play-services-base:18.0.0] AndroidManifest.xml:21:19-78
81
82        <meta-data
82-->[com.google.android.gms:play-services-basement:18.0.0] AndroidManifest.xml:21:9-23:69
83            android:name="com.google.android.gms.version"
83-->[com.google.android.gms:play-services-basement:18.0.0] AndroidManifest.xml:22:13-58
84            android:value="@integer/google_play_services_version" />
84-->[com.google.android.gms:play-services-basement:18.0.0] AndroidManifest.xml:23:13-66
85
86        <provider
86-->[androidx.emoji2:emoji2:1.0.0] AndroidManifest.xml:26:9-34:20
87            android:name="androidx.startup.InitializationProvider"
87-->[androidx.emoji2:emoji2:1.0.0] AndroidManifest.xml:27:13-67
88            android:authorities="com.pesonal.adsdk.androidx-startup"
88-->[androidx.emoji2:emoji2:1.0.0] AndroidManifest.xml:28:13-68
89            android:exported="false" >
89-->[androidx.emoji2:emoji2:1.0.0] AndroidManifest.xml:29:13-37
90            <meta-data
90-->[androidx.emoji2:emoji2:1.0.0] AndroidManifest.xml:31:13-33:52
91                android:name="androidx.emoji2.text.EmojiCompatInitializer"
91-->[androidx.emoji2:emoji2:1.0.0] AndroidManifest.xml:32:17-75
92                android:value="androidx.startup" />
92-->[androidx.emoji2:emoji2:1.0.0] AndroidManifest.xml:33:17-49
93            <meta-data
93-->[androidx.work:work-runtime:2.7.0] AndroidManifest.xml:36:13-38:52
94                android:name="androidx.work.WorkManagerInitializer"
94-->[androidx.work:work-runtime:2.7.0] AndroidManifest.xml:37:17-68
95                android:value="androidx.startup" />
95-->[androidx.work:work-runtime:2.7.0] AndroidManifest.xml:38:17-49
96            <meta-data
96-->[androidx.lifecycle:lifecycle-process:2.4.0] AndroidManifest.xml:31:13-33:52
97                android:name="androidx.lifecycle.ProcessLifecycleInitializer"
97-->[androidx.lifecycle:lifecycle-process:2.4.0] AndroidManifest.xml:32:17-78
98                android:value="androidx.startup" />
98-->[androidx.lifecycle:lifecycle-process:2.4.0] AndroidManifest.xml:33:17-49
99        </provider>
100
101        <service
101-->[androidx.work:work-runtime:2.7.0] AndroidManifest.xml:41:9-46:35
102            android:name="androidx.work.impl.background.systemalarm.SystemAlarmService"
102-->[androidx.work:work-runtime:2.7.0] AndroidManifest.xml:42:13-88
103            android:directBootAware="false"
103-->[androidx.work:work-runtime:2.7.0] AndroidManifest.xml:43:13-44
104            android:enabled="@bool/enable_system_alarm_service_default"
104-->[androidx.work:work-runtime:2.7.0] AndroidManifest.xml:44:13-72
105            android:exported="false" />
105-->[androidx.work:work-runtime:2.7.0] AndroidManifest.xml:45:13-37
106        <service
106-->[androidx.work:work-runtime:2.7.0] AndroidManifest.xml:47:9-53:35
107            android:name="androidx.work.impl.background.systemjob.SystemJobService"
107-->[androidx.work:work-runtime:2.7.0] AndroidManifest.xml:48:13-84
108            android:directBootAware="false"
108-->[androidx.work:work-runtime:2.7.0] AndroidManifest.xml:49:13-44
109            android:enabled="@bool/enable_system_job_service_default"
109-->[androidx.work:work-runtime:2.7.0] AndroidManifest.xml:50:13-70
110            android:exported="true"
110-->[androidx.work:work-runtime:2.7.0] AndroidManifest.xml:51:13-36
111            android:permission="android.permission.BIND_JOB_SERVICE" />
111-->[androidx.work:work-runtime:2.7.0] AndroidManifest.xml:52:13-69
112        <service
112-->[androidx.work:work-runtime:2.7.0] AndroidManifest.xml:54:9-59:35
113            android:name="androidx.work.impl.foreground.SystemForegroundService"
113-->[androidx.work:work-runtime:2.7.0] AndroidManifest.xml:55:13-81
114            android:directBootAware="false"
114-->[androidx.work:work-runtime:2.7.0] AndroidManifest.xml:56:13-44
115            android:enabled="@bool/enable_system_foreground_service_default"
115-->[androidx.work:work-runtime:2.7.0] AndroidManifest.xml:57:13-77
116            android:exported="false" />
116-->[androidx.work:work-runtime:2.7.0] AndroidManifest.xml:58:13-37
117
118        <receiver
118-->[androidx.work:work-runtime:2.7.0] AndroidManifest.xml:61:9-66:35
119            android:name="androidx.work.impl.utils.ForceStopRunnable$BroadcastReceiver"
119-->[androidx.work:work-runtime:2.7.0] AndroidManifest.xml:62:13-88
120            android:directBootAware="false"
120-->[androidx.work:work-runtime:2.7.0] AndroidManifest.xml:63:13-44
121            android:enabled="true"
121-->[androidx.work:work-runtime:2.7.0] AndroidManifest.xml:64:13-35
122            android:exported="false" />
122-->[androidx.work:work-runtime:2.7.0] AndroidManifest.xml:65:13-37
123        <receiver
123-->[androidx.work:work-runtime:2.7.0] AndroidManifest.xml:67:9-77:20
124            android:name="androidx.work.impl.background.systemalarm.ConstraintProxy$BatteryChargingProxy"
124-->[androidx.work:work-runtime:2.7.0] AndroidManifest.xml:68:13-106
125            android:directBootAware="false"
125-->[androidx.work:work-runtime:2.7.0] AndroidManifest.xml:69:13-44
126            android:enabled="false"
126-->[androidx.work:work-runtime:2.7.0] AndroidManifest.xml:70:13-36
127            android:exported="false" >
127-->[androidx.work:work-runtime:2.7.0] AndroidManifest.xml:71:13-37
128            <intent-filter>
128-->[androidx.work:work-runtime:2.7.0] AndroidManifest.xml:73:13-76:29
129                <action android:name="android.intent.action.ACTION_POWER_CONNECTED" />
129-->[androidx.work:work-runtime:2.7.0] AndroidManifest.xml:74:17-87
129-->[androidx.work:work-runtime:2.7.0] AndroidManifest.xml:74:25-84
130                <action android:name="android.intent.action.ACTION_POWER_DISCONNECTED" />
130-->[androidx.work:work-runtime:2.7.0] AndroidManifest.xml:75:17-90
130-->[androidx.work:work-runtime:2.7.0] AndroidManifest.xml:75:25-87
131            </intent-filter>
132        </receiver>
133        <receiver
133-->[androidx.work:work-runtime:2.7.0] AndroidManifest.xml:78:9-88:20
134            android:name="androidx.work.impl.background.systemalarm.ConstraintProxy$BatteryNotLowProxy"
134-->[androidx.work:work-runtime:2.7.0] AndroidManifest.xml:79:13-104
135            android:directBootAware="false"
135-->[androidx.work:work-runtime:2.7.0] AndroidManifest.xml:80:13-44
136            android:enabled="false"
136-->[androidx.work:work-runtime:2.7.0] AndroidManifest.xml:81:13-36
137            android:exported="false" >
137-->[androidx.work:work-runtime:2.7.0] AndroidManifest.xml:82:13-37
138            <intent-filter>
138-->[androidx.work:work-runtime:2.7.0] AndroidManifest.xml:84:13-87:29
139                <action android:name="android.intent.action.BATTERY_OKAY" />
139-->[androidx.work:work-runtime:2.7.0] AndroidManifest.xml:85:17-77
139-->[androidx.work:work-runtime:2.7.0] AndroidManifest.xml:85:25-74
140                <action android:name="android.intent.action.BATTERY_LOW" />
140-->[androidx.work:work-runtime:2.7.0] AndroidManifest.xml:86:17-76
140-->[androidx.work:work-runtime:2.7.0] AndroidManifest.xml:86:25-73
141            </intent-filter>
142        </receiver>
143        <receiver
143-->[androidx.work:work-runtime:2.7.0] AndroidManifest.xml:89:9-99:20
144            android:name="androidx.work.impl.background.systemalarm.ConstraintProxy$StorageNotLowProxy"
144-->[androidx.work:work-runtime:2.7.0] AndroidManifest.xml:90:13-104
145            android:directBootAware="false"
145-->[androidx.work:work-runtime:2.7.0] AndroidManifest.xml:91:13-44
146            android:enabled="false"
146-->[androidx.work:work-runtime:2.7.0] AndroidManifest.xml:92:13-36
147            android:exported="false" >
147-->[androidx.work:work-runtime:2.7.0] AndroidManifest.xml:93:13-37
148            <intent-filter>
148-->[androidx.work:work-runtime:2.7.0] AndroidManifest.xml:95:13-98:29
149                <action android:name="android.intent.action.DEVICE_STORAGE_LOW" />
149-->[androidx.work:work-runtime:2.7.0] AndroidManifest.xml:96:17-83
149-->[androidx.work:work-runtime:2.7.0] AndroidManifest.xml:96:25-80
150                <action android:name="android.intent.action.DEVICE_STORAGE_OK" />
150-->[androidx.work:work-runtime:2.7.0] AndroidManifest.xml:97:17-82
150-->[androidx.work:work-runtime:2.7.0] AndroidManifest.xml:97:25-79
151            </intent-filter>
152        </receiver>
153        <receiver
153-->[androidx.work:work-runtime:2.7.0] AndroidManifest.xml:100:9-109:20
154            android:name="androidx.work.impl.background.systemalarm.ConstraintProxy$NetworkStateProxy"
154-->[androidx.work:work-runtime:2.7.0] AndroidManifest.xml:101:13-103
155            android:directBootAware="false"
155-->[androidx.work:work-runtime:2.7.0] AndroidManifest.xml:102:13-44
156            android:enabled="false"
156-->[androidx.work:work-runtime:2.7.0] AndroidManifest.xml:103:13-36
157            android:exported="false" >
157-->[androidx.work:work-runtime:2.7.0] AndroidManifest.xml:104:13-37
158            <intent-filter>
158-->[androidx.work:work-runtime:2.7.0] AndroidManifest.xml:106:13-108:29
159                <action android:name="android.net.conn.CONNECTIVITY_CHANGE" />
159-->[androidx.work:work-runtime:2.7.0] AndroidManifest.xml:107:17-79
159-->[androidx.work:work-runtime:2.7.0] AndroidManifest.xml:107:25-76
160            </intent-filter>
161        </receiver>
162        <receiver
162-->[androidx.work:work-runtime:2.7.0] AndroidManifest.xml:110:9-121:20
163            android:name="androidx.work.impl.background.systemalarm.RescheduleReceiver"
163-->[androidx.work:work-runtime:2.7.0] AndroidManifest.xml:111:13-88
164            android:directBootAware="false"
164-->[androidx.work:work-runtime:2.7.0] AndroidManifest.xml:112:13-44
165            android:enabled="false"
165-->[androidx.work:work-runtime:2.7.0] AndroidManifest.xml:113:13-36
166            android:exported="false" >
166-->[androidx.work:work-runtime:2.7.0] AndroidManifest.xml:114:13-37
167            <intent-filter>
167-->[androidx.work:work-runtime:2.7.0] AndroidManifest.xml:116:13-120:29
168                <action android:name="android.intent.action.BOOT_COMPLETED" />
168-->[androidx.work:work-runtime:2.7.0] AndroidManifest.xml:117:17-79
168-->[androidx.work:work-runtime:2.7.0] AndroidManifest.xml:117:25-76
169                <action android:name="android.intent.action.TIME_SET" />
169-->[androidx.work:work-runtime:2.7.0] AndroidManifest.xml:118:17-73
169-->[androidx.work:work-runtime:2.7.0] AndroidManifest.xml:118:25-70
170                <action android:name="android.intent.action.TIMEZONE_CHANGED" />
170-->[androidx.work:work-runtime:2.7.0] AndroidManifest.xml:119:17-81
170-->[androidx.work:work-runtime:2.7.0] AndroidManifest.xml:119:25-78
171            </intent-filter>
172        </receiver>
173        <receiver
173-->[androidx.work:work-runtime:2.7.0] AndroidManifest.xml:122:9-131:20
174            android:name="androidx.work.impl.background.systemalarm.ConstraintProxyUpdateReceiver"
174-->[androidx.work:work-runtime:2.7.0] AndroidManifest.xml:123:13-99
175            android:directBootAware="false"
175-->[androidx.work:work-runtime:2.7.0] AndroidManifest.xml:124:13-44
176            android:enabled="@bool/enable_system_alarm_service_default"
176-->[androidx.work:work-runtime:2.7.0] AndroidManifest.xml:125:13-72
177            android:exported="false" >
177-->[androidx.work:work-runtime:2.7.0] AndroidManifest.xml:126:13-37
178            <intent-filter>
178-->[androidx.work:work-runtime:2.7.0] AndroidManifest.xml:128:13-130:29
179                <action android:name="androidx.work.impl.background.systemalarm.UpdateProxies" />
179-->[androidx.work:work-runtime:2.7.0] AndroidManifest.xml:129:17-98
179-->[androidx.work:work-runtime:2.7.0] AndroidManifest.xml:129:25-95
180            </intent-filter>
181        </receiver>
182        <receiver
182-->[androidx.work:work-runtime:2.7.0] AndroidManifest.xml:132:9-142:20
183            android:name="androidx.work.impl.diagnostics.DiagnosticsReceiver"
183-->[androidx.work:work-runtime:2.7.0] AndroidManifest.xml:133:13-78
184            android:directBootAware="false"
184-->[androidx.work:work-runtime:2.7.0] AndroidManifest.xml:134:13-44
185            android:enabled="true"
185-->[androidx.work:work-runtime:2.7.0] AndroidManifest.xml:135:13-35
186            android:exported="true"
186-->[androidx.work:work-runtime:2.7.0] AndroidManifest.xml:136:13-36
187            android:permission="android.permission.DUMP" >
187-->[androidx.work:work-runtime:2.7.0] AndroidManifest.xml:137:13-57
188            <intent-filter>
188-->[androidx.work:work-runtime:2.7.0] AndroidManifest.xml:139:13-141:29
189                <action android:name="androidx.work.diagnostics.REQUEST_DIAGNOSTICS" />
189-->[androidx.work:work-runtime:2.7.0] AndroidManifest.xml:140:17-88
189-->[androidx.work:work-runtime:2.7.0] AndroidManifest.xml:140:25-85
190            </intent-filter>
191        </receiver>
192
193        <service
193-->[androidx.room:room-runtime:2.2.5] AndroidManifest.xml:25:9-28:40
194            android:name="androidx.room.MultiInstanceInvalidationService"
194-->[androidx.room:room-runtime:2.2.5] AndroidManifest.xml:26:13-74
195            android:directBootAware="true"
195-->[androidx.room:room-runtime:2.2.5] AndroidManifest.xml:27:13-43
196            android:exported="false" />
196-->[androidx.room:room-runtime:2.2.5] AndroidManifest.xml:28:13-37
197    </application>
198
199</manifest>